<?xml version="1.0" encoding="UTF-8"?>
<!-- Generated by org.testng.reporters.JUnitReportReporter -->
<testsuite skipped="0" hostname="LAPTOP-2FD2RQ3C" name="com.crm.tests.HomePageTest" tests="3" failures="0" timestamp="29 Sep 2018 09:18:47 GMT" time="70.034" errors="0">
  <testcase name="validateLoggedinUserTest" time="21.694" classname="com.crm.tests.HomePageTest"/>
  <testcase name="verifyContactslinkTest" time="22.938" classname="com.crm.tests.HomePageTest"/>
  <testcase name="validateHomepageTitleTest" time="25.402" classname="com.crm.tests.HomePageTest"/>
</testsuite> <!-- com.crm.tests.HomePageTest -->
