<?xml version="1.0" encoding="UTF-8"?>
<!-- Generated by org.testng.reporters.JUnitReportReporter -->
<testsuite skipped="0" hostname="LAPTOP-2FD2RQ3C" name="com.crm.tests.ContactsPageTest" tests="3" failures="0" timestamp="29 Sep 2018 09:18:47 GMT" time="76.114" errors="0">
  <testcase name="validateCreateNewcontact" time="24.199" classname="com.crm.tests.ContactsPageTest"/>
  <testcase name="verifyContactslabelTest" time="24.351" classname="com.crm.tests.ContactsPageTest"/>
  <testcase name="validateCreateNewcontact" time="27.564" classname="com.crm.tests.ContactsPageTest"/>
</testsuite> <!-- com.crm.tests.ContactsPageTest -->
