<?xml version="1.0" encoding="UTF-8"?>
<!-- Generated by org.testng.reporters.JUnitReportReporter -->
<testsuite skipped="0" hostname="LAPTOP-2FD2RQ3C" name="com.crm.tests.LoginPageTest" tests="3" failures="0" timestamp="29 Sep 2018 09:43:00 GMT" time="47.677" errors="0">
  <testcase name="titleTest" time="8.830" classname="com.crm.tests.LoginPageTest"/>
  <testcase name="crmLogoTest" time="9.171" classname="com.crm.tests.LoginPageTest"/>
  <testcase name="loginTest" time="29.676" classname="com.crm.tests.LoginPageTest"/>
</testsuite> <!-- com.crm.tests.LoginPageTest -->
